<?xml version="1.0" encoding="UTF-8"?>
<!-- Generated by org.testng.reporters.JUnitXMLReporter -->
<testsuite ignored="0" hostname="TVLLAP29" failures="1" tests="1" name="Net Metering Application Test" time="4.471" errors="0" timestamp="2024-03-18T10:50:00 BDT">
  <testcase classname="Pages.LoginPage" name="loginPages" time="0.016">
    <failure type="java.lang.Error" message="Unresolved compilation problem: 
	The constructor WebDriverWait(WebDriver, int) is undefined
">
      <![CDATA[java.lang.Error: Unresolved compilation problem: 
The constructor WebDriverWait(WebDriver, int) is undefined

at Pages.LoginPage.loginPages(LoginPage.java:24)
at java.base/java.util.ArrayList.forEach(ArrayList.java:1511)
... Removed 27 stack frames]]>
    </failure>
  </testcase> <!-- loginPages -->
</testsuite> <!-- Net Metering Application Test -->
