<?xml version="1.0" encoding="UTF-8"?>
<testng-results ignored="0" total="2" passed="2" failed="0" skipped="0">
  <reporter-output>
  </reporter-output>
  <suite started-at="2024-03-31T14:33:07 BDT" name="TestSuite" finished-at="2024-03-31T14:34:24 BDT" duration-ms="77921">
    <groups>
    </groups>
    <test started-at="2024-03-31T14:33:07 BDT" name="BSTFT Application Test" finished-at="2024-03-31T14:34:24 BDT" duration-ms="77921">
      <class name="Pages.LoginPage">
        <test-method is-config="true" signature="setUp(java.lang.String)[pri:0, instance:Pages.LoginPage@1040be71]" started-at="2024-03-31T14:33:02 BDT" name="setUp" finished-at="2024-03-31T14:33:07 BDT" duration-ms="4837" status="PASS">
          <params>
            <param index="0">
              <value>
                <![CDATA[chrome]]>
              </value>
            </param>
          </params>
          <reporter-output>
          </reporter-output>
        </test-method> <!-- setUp -->
        <test-method signature="loginPages()[pri:0, instance:Pages.LoginPage@1040be71]" started-at="2024-03-31T14:33:07 BDT" name="loginPages" finished-at="2024-03-31T14:33:14 BDT" duration-ms="7509" status="PASS">
          <reporter-output>
          </reporter-output>
        </test-method> <!-- loginPages -->
        <test-method is-config="true" signature="tearDown()[pri:0, instance:Pages.LoginPage@1040be71]" started-at="2024-03-31T14:34:26 BDT" name="tearDown" finished-at="2024-03-31T14:34:27 BDT" duration-ms="1225" status="PASS">
          <reporter-output>
          </reporter-output>
        </test-method> <!-- tearDown -->
      </class> <!-- Pages.LoginPage -->
      <class name="Pages.DetailsPage">
        <test-method signature="gotoApplication()[pri:0, instance:Pages.DetailsPage@25be7b63]" started-at="2024-03-31T14:33:14 BDT" name="gotoApplication" finished-at="2024-03-31T14:34:24 BDT" duration-ms="69986" status="PASS">
          <reporter-output>
          </reporter-output>
        </test-method> <!-- gotoApplication -->
      </class> <!-- Pages.DetailsPage -->
    </test> <!-- BSTFT Application Test -->
  </suite> <!-- TestSuite -->
</testng-results>
