<?xml version="1.0" encoding="UTF-8"?>
<!-- Generated by org.testng.reporters.JUnitXMLReporter -->
<testsuite ignored="2" hostname="TVLLAP29" failures="0" tests="2" name="BSTFT Application Test" time="77.921" errors="0" timestamp="2024-03-31T14:34:25 BDT">
  <testcase classname="Pages.LoginPage" name="loginPages" time="7.509"/>
  <testcase classname="Pages.DetailsPage" name="gotoApplication" time="69.986"/>
  <testcase classname="Utilities.ExtentITestListenerClassAdapter" name="@BeforeSuite setUp" time="0.0">
    <ignored/>
  </testcase> <!-- @BeforeSuite setUp -->
  <testcase classname="Utilities.ExtentITestListenerClassAdapter" name="@AfterSuite tearDown" time="0.0">
    <ignored/>
  </testcase> <!-- @AfterSuite tearDown -->
</testsuite> <!-- BSTFT Application Test -->
